g++ -Wall -O2 -std=gnu++11 -fpermissive -DBOOST_LOG_DYN_LINK -I/home/sysnova/workspace/casparLinux/dependencies/boost/ -I/home/sysnova/workspace/casparLinux/ -I/home/sysnova/workspace/casparLinux/dependencies/tbb/include/ -I/home/sysnova/workspace/casparLinux/dependencies/glew/include/ -c frame_producer.cpp
In file included from frame/basic_frame.h:26:0,
                 from frame_producer.cpp:25:
/home/sysnova/workspace/casparLinux/core/video_format.h:108:20: warning: declaration of ‘caspar::core::field_mode::type caspar::core::video_format_desc::field_mode’ [-fpermissive]
/home/sysnova/workspace/casparLinux/core/video_format.h:74:8: warning: changes meaning of ‘field_mode’ from ‘struct caspar::core::field_mode’ [-fpermissive]
In file included from frame_producer.cpp:26:0:
frame/frame_transform.h:88:13: warning: declaration of ‘caspar::core::levels caspar::core::frame_transform::levels’ [-fpermissive]
frame/frame_transform.h:34:8: warning: changes meaning of ‘levels’ from ‘struct caspar::core::levels’ [-fpermissive]
frame/frame_transform.h:90:20: warning: declaration of ‘caspar::core::field_mode::type caspar::core::frame_transform::field_mode’ [-fpermissive]
In file included from frame/basic_frame.h:26:0,
                 from frame_producer.cpp:25:
/home/sysnova/workspace/casparLinux/core/video_format.h:74:8: warning: changes meaning of ‘field_mode’ from ‘struct caspar::core::field_mode’ [-fpermissive]
In file included from frame_producer.cpp:26:0:
frame/frame_transform.h:94:19: warning: extra qualification ‘caspar::core::frame_transform::’ on member ‘operator*=’ [-fpermissive]
frame/frame_transform.h:95:18: warning: extra qualification ‘caspar::core::frame_transform::’ on member ‘operator*’ [-fpermissive]
In file included from frame_producer.cpp:34:0:
/home/sysnova/workspace/casparLinux/common/concurrency/executor.h: In member function ‘void caspar::executor::SetThreadPriority(int)’:
/home/sysnova/workspace/casparLinux/common/concurrency/executor.h:107:7: warning: variable ‘retcode’ set but not used [-Wunused-but-set-variable]
/home/sysnova/workspace/casparLinux/common/concurrency/executor.h:107:16: warning: unused variable ‘policy’ [-Wunused-variable]
In file included from /usr/include/x86_64-linux-gnu/c++/4.7/./bits/c++allocator.h:34:0,
                 from /usr/include/c++/4.7/bits/allocator.h:48,
                 from /usr/include/c++/4.7/string:43,
                 from /usr/include/c++/4.7/random:41,
                 from /usr/include/c++/4.7/bits/stl_algo.h:67,
                 from /usr/include/c++/4.7/algorithm:63,
                 from ../StdAfx.h:32,
                 from frame_producer.cpp:22:
/usr/include/c++/4.7/ext/new_allocator.h: In instantiation of ‘class __gnu_cxx::new_allocator<const std::function<caspar::safe_ptr<caspar::core::frame_producer>(const caspar::safe_ptr<caspar::core::frame_factory>&, const caspar::core::parameters&)> >’:
/usr/include/c++/4.7/bits/allocator.h:89:11:   required from ‘class std::allocator<const std::function<caspar::safe_ptr<caspar::core::frame_producer>(const caspar::safe_ptr<caspar::core::frame_factory>&, const caspar::core::parameters&)> >’
/usr/include/c++/4.7/bits/alloc_traits.h:92:43:   required from ‘struct std::allocator_traits<std::allocator<const std::function<caspar::safe_ptr<caspar::core::frame_producer>(const caspar::safe_ptr<caspar::core::frame_factory>&, const caspar::core::parameters&)> > >’
/usr/include/c++/4.7/ext/alloc_traits.h:110:10:   required from ‘struct __gnu_cxx::__alloc_traits<std::allocator<const std::function<caspar::safe_ptr<caspar::core::frame_producer>(const caspar::safe_ptr<caspar::core::frame_factory>&, const caspar::core::parameters&)> > >’
/usr/include/c++/4.7/bits/stl_vector.h:76:28:   required from ‘struct std::_Vector_base<const std::function<caspar::safe_ptr<caspar::core::frame_producer>(const caspar::safe_ptr<caspar::core::frame_factory>&, const caspar::core::parameters&)>, std::allocator<const std::function<caspar::safe_ptr<caspar::core::frame_producer>(const caspar::safe_ptr<caspar::core::frame_factory>&, const caspar::core::parameters&)> > >’
/usr/include/c++/4.7/bits/stl_vector.h:208:11:   required from ‘class std::vector<const std::function<caspar::safe_ptr<caspar::core::frame_producer>(const caspar::safe_ptr<caspar::core::frame_factory>&, const caspar::core::parameters&)> >’
frame_producer.cpp:285:23:   required from here
/usr/include/c++/4.7/ext/new_allocator.h:83:7: error: ‘const _Tp* __gnu_cxx::new_allocator< <template-parameter-1-1> >::address(__gnu_cxx::new_allocator< <template-parameter-1-1> >::const_reference) const [with _Tp = const std::function<caspar::safe_ptr<caspar::core::frame_producer>(const caspar::safe_ptr<caspar::core::frame_factory>&, const caspar::core::parameters&)>; __gnu_cxx::new_allocator< <template-parameter-1-1> >::const_pointer = const std::function<caspar::safe_ptr<caspar::core::frame_producer>(const caspar::safe_ptr<caspar::core::frame_factory>&, const caspar::core::parameters&)>*; __gnu_cxx::new_allocator< <template-parameter-1-1> >::const_reference = const std::function<caspar::safe_ptr<caspar::core::frame_producer>(const caspar::safe_ptr<caspar::core::frame_factory>&, const caspar::core::parameters&)>&]’ cannot be overloaded
/usr/include/c++/4.7/ext/new_allocator.h:79:7: error: with ‘_Tp* __gnu_cxx::new_allocator< <template-parameter-1-1> >::address(__gnu_cxx::new_allocator< <template-parameter-1-1> >::reference) const [with _Tp = const std::function<caspar::safe_ptr<caspar::core::frame_producer>(const caspar::safe_ptr<caspar::core::frame_factory>&, const caspar::core::parameters&)>; __gnu_cxx::new_allocator< <template-parameter-1-1> >::pointer = const std::function<caspar::safe_ptr<caspar::core::frame_producer>(const caspar::safe_ptr<caspar::core::frame_factory>&, const caspar::core::parameters&)>*; __gnu_cxx::new_allocator< <template-parameter-1-1> >::reference = const std::function<caspar::safe_ptr<caspar::core::frame_producer>(const caspar::safe_ptr<caspar::core::frame_factory>&, const caspar::core::parameters&)>&]’
frame_producer.cpp: In function ‘caspar::safe_ptr<caspar::core::frame_producer> caspar::core::create_producer(const caspar::safe_ptr<caspar::core::frame_factory>&, const caspar::core::parameters&)’:
frame_producer.cpp:308:74: error: invalid initialization of reference of type ‘const std::vector<const std::function<caspar::safe_ptr<caspar::core::frame_producer>(const caspar::safe_ptr<caspar::core::frame_factory>&, const caspar::core::parameters&)> >&’ from expression of type ‘std::vector<std::function<caspar::safe_ptr<caspar::core::frame_producer>(const caspar::safe_ptr<caspar::core::frame_factory>&, const caspar::core::parameters&)> >’
frame_producer.cpp:279:32: error: in passing argument 3 of ‘caspar::safe_ptr<caspar::core::frame_producer> caspar::core::do_create_producer(const caspar::safe_ptr<caspar::core::frame_factory>&, const caspar::core::parameters&, const std::vector<const std::function<caspar::safe_ptr<caspar::core::frame_producer>(const caspar::safe_ptr<caspar::core::frame_factory>&, const caspar::core::parameters&)> >&, bool)’
frame_producer.cpp:308:74: error: unable to deduce ‘auto’ from ‘<expression error>’
frame_producer.cpp:326:80: error: invalid initialization of reference of type ‘const std::vector<const std::function<caspar::safe_ptr<caspar::core::frame_producer>(const caspar::safe_ptr<caspar::core::frame_factory>&, const caspar::core::parameters&)> >&’ from expression of type ‘std::vector<std::function<caspar::safe_ptr<caspar::core::frame_producer>(const caspar::safe_ptr<caspar::core::frame_factory>&, const caspar::core::parameters&)> >’
frame_producer.cpp:279:32: error: in passing argument 3 of ‘caspar::safe_ptr<caspar::core::frame_producer> caspar::core::do_create_producer(const caspar::safe_ptr<caspar::core::frame_factory>&, const caspar::core::parameters&, const std::vector<const std::function<caspar::safe_ptr<caspar::core::frame_producer>(const caspar::safe_ptr<caspar::core::frame_factory>&, const caspar::core::parameters&)> >&, bool)’
frame_producer.cpp:330:81: error: invalid initialization of reference of type ‘const std::vector<const std::function<caspar::safe_ptr<caspar::core::frame_producer>(const caspar::safe_ptr<caspar::core::frame_factory>&, const caspar::core::parameters&)> >&’ from expression of type ‘std::vector<std::function<caspar::safe_ptr<caspar::core::frame_producer>(const caspar::safe_ptr<caspar::core::frame_factory>&, const caspar::core::parameters&)> >’
frame_producer.cpp:279:32: error: in passing argument 3 of ‘caspar::safe_ptr<caspar::core::frame_producer> caspar::core::do_create_producer(const caspar::safe_ptr<caspar::core::frame_factory>&, const caspar::core::parameters&, const std::vector<const std::function<caspar::safe_ptr<caspar::core::frame_producer>(const caspar::safe_ptr<caspar::core::frame_factory>&, const caspar::core::parameters&)> >&, bool)’
frame_producer.cpp: In function ‘caspar::safe_ptr<caspar::core::frame_producer> caspar::core::create_thumbnail_producer(const caspar::safe_ptr<caspar::core::frame_factory>&, const wstring&)’:
frame_producer.cpp:354:90: error: invalid initialization of reference of type ‘const std::vector<const std::function<caspar::safe_ptr<caspar::core::frame_producer>(const caspar::safe_ptr<caspar::core::frame_factory>&, const caspar::core::parameters&)> >&’ from expression of type ‘std::vector<std::function<caspar::safe_ptr<caspar::core::frame_producer>(const caspar::safe_ptr<caspar::core::frame_factory>&, const caspar::core::parameters&)> >’
frame_producer.cpp:279:32: error: in passing argument 3 of ‘caspar::safe_ptr<caspar::core::frame_producer> caspar::core::do_create_producer(const caspar::safe_ptr<caspar::core::frame_factory>&, const caspar::core::parameters&, const std::vector<const std::function<caspar::safe_ptr<caspar::core::frame_producer>(const caspar::safe_ptr<caspar::core::frame_factory>&, const caspar::core::parameters&)> >&, bool)’
frame_producer.cpp:354:90: error: unable to deduce ‘auto’ from ‘<expression error>’
frame_producer.cpp:364:96: error: invalid initialization of reference of type ‘const std::vector<const std::function<caspar::safe_ptr<caspar::core::frame_producer>(const caspar::safe_ptr<caspar::core::frame_factory>&, const caspar::core::parameters&)> >&’ from expression of type ‘std::vector<std::function<caspar::safe_ptr<caspar::core::frame_producer>(const caspar::safe_ptr<caspar::core::frame_factory>&, const caspar::core::parameters&)> >’
frame_producer.cpp:279:32: error: in passing argument 3 of ‘caspar::safe_ptr<caspar::core::frame_producer> caspar::core::do_create_producer(const caspar::safe_ptr<caspar::core::frame_factory>&, const caspar::core::parameters&, const std::vector<const std::function<caspar::safe_ptr<caspar::core::frame_producer>(const caspar::safe_ptr<caspar::core::frame_factory>&, const caspar::core::parameters&)> >&, bool)’
frame_producer.cpp:368:97: error: invalid initialization of reference of type ‘const std::vector<const std::function<caspar::safe_ptr<caspar::core::frame_producer>(const caspar::safe_ptr<caspar::core::frame_factory>&, const caspar::core::parameters&)> >&’ from expression of type ‘std::vector<std::function<caspar::safe_ptr<caspar::core::frame_producer>(const caspar::safe_ptr<caspar::core::frame_factory>&, const caspar::core::parameters&)> >’
frame_producer.cpp:279:32: error: in passing argument 3 of ‘caspar::safe_ptr<caspar::core::frame_producer> caspar::core::do_create_producer(const caspar::safe_ptr<caspar::core::frame_factory>&, const caspar::core::parameters&, const std::vector<const std::function<caspar::safe_ptr<caspar::core::frame_producer>(const caspar::safe_ptr<caspar::core::frame_factory>&, const caspar::core::parameters&)> >&, bool)’
In file included from /usr/include/c++/4.7/algorithm:63:0,
                 from ../StdAfx.h:32,
                 from frame_producer.cpp:22:
/usr/include/c++/4.7/bits/stl_algo.h: In instantiation of ‘_RandomAccessIterator std::__find_if(_RandomAccessIterator, _RandomAccessIterator, _Predicate, std::random_access_iterator_tag) [with _RandomAccessIterator = __gnu_cxx::__normal_iterator<const std::function<caspar::safe_ptr<caspar::core::frame_producer>(const caspar::safe_ptr<caspar::core::frame_factory>&, const caspar::core::parameters&)>*, std::vector<const std::function<caspar::safe_ptr<caspar::core::frame_producer>(const caspar::safe_ptr<caspar::core::frame_factory>&, const caspar::core::parameters&)> > >; _Predicate = caspar::core::do_create_producer(const caspar::safe_ptr<caspar::core::frame_factory>&, const caspar::core::parameters&, const std::vector<const std::function<caspar::safe_ptr<caspar::core::frame_producer>(const caspar::safe_ptr<caspar::core::frame_factory>&, const caspar::core::parameters&)> >&, bool)::<lambda(caspar::core::producer_factory_t&)>]’:
/usr/include/c++/4.7/bits/stl_algo.h:4497:41:   required from ‘_IIter std::find_if(_IIter, _IIter, _Predicate) [with _IIter = __gnu_cxx::__normal_iterator<const std::function<caspar::safe_ptr<caspar::core::frame_producer>(const caspar::safe_ptr<caspar::core::frame_factory>&, const caspar::core::parameters&)>*, std::vector<const std::function<caspar::safe_ptr<caspar::core::frame_producer>(const caspar::safe_ptr<caspar::core::frame_factory>&, const caspar::core::parameters&)> > >; _Predicate = caspar::core::do_create_producer(const caspar::safe_ptr<caspar::core::frame_factory>&, const caspar::core::parameters&, const std::vector<const std::function<caspar::safe_ptr<caspar::core::frame_producer>(const caspar::safe_ptr<caspar::core::frame_factory>&, const caspar::core::parameters&)> >&, bool)::<lambda(caspar::core::producer_factory_t&)>]’
/usr/include/c++/4.7/bits/stl_algo.h:779:71:   required from ‘bool std::none_of(_IIter, _IIter, _Predicate) [with _IIter = __gnu_cxx::__normal_iterator<const std::function<caspar::safe_ptr<caspar::core::frame_producer>(const caspar::safe_ptr<caspar::core::frame_factory>&, const caspar::core::parameters&)>*, std::vector<const std::function<caspar::safe_ptr<caspar::core::frame_producer>(const caspar::safe_ptr<caspar::core::frame_factory>&, const caspar::core::parameters&)> > >; _Predicate = caspar::core::do_create_producer(const caspar::safe_ptr<caspar::core::frame_factory>&, const caspar::core::parameters&, const std::vector<const std::function<caspar::safe_ptr<caspar::core::frame_producer>(const caspar::safe_ptr<caspar::core::frame_factory>&, const caspar::core::parameters&)> >&, bool)::<lambda(caspar::core::producer_factory_t&)>]’
/usr/include/c++/4.7/bits/stl_algo.h:797:51:   required from ‘bool std::any_of(_IIter, _IIter, _Predicate) [with _IIter = __gnu_cxx::__normal_iterator<const std::function<caspar::safe_ptr<caspar::core::frame_producer>(const caspar::safe_ptr<caspar::core::frame_factory>&, const caspar::core::parameters&)>*, std::vector<const std::function<caspar::safe_ptr<caspar::core::frame_producer>(const caspar::safe_ptr<caspar::core::frame_factory>&, const caspar::core::parameters&)> > >; _Predicate = caspar::core::do_create_producer(const caspar::safe_ptr<caspar::core::frame_factory>&, const caspar::core::parameters&, const std::vector<const std::function<caspar::safe_ptr<caspar::core::frame_producer>(const caspar::safe_ptr<caspar::core::frame_factory>&, const caspar::core::parameters&)> >&, bool)::<lambda(caspar::core::producer_factory_t&)>]’
frame_producer.cpp:299:4:   required from here
/usr/include/c++/4.7/bits/stl_algo.h:216:4: error: no match for call to ‘(caspar::core::do_create_producer(const caspar::safe_ptr<caspar::core::frame_factory>&, const caspar::core::parameters&, const std::vector<const std::function<caspar::safe_ptr<caspar::core::frame_producer>(const caspar::safe_ptr<caspar::core::frame_factory>&, const caspar::core::parameters&)> >&, bool)::<lambda(caspar::core::producer_factory_t&)>) (const std::function<caspar::safe_ptr<caspar::core::frame_producer>(const caspar::safe_ptr<caspar::core::frame_factory>&, const caspar::core::parameters&)>&)’
frame_producer.cpp:285:52: note: candidate is:
frame_producer.cpp:285:86: note: caspar::core::do_create_producer(const caspar::safe_ptr<caspar::core::frame_factory>&, const caspar::core::parameters&, const std::vector<const std::function<caspar::safe_ptr<caspar::core::frame_producer>(const caspar::safe_ptr<caspar::core::frame_factory>&, const caspar::core::parameters&)> >&, bool)::<lambda(caspar::core::producer_factory_t&)>
frame_producer.cpp:285:86: note:   no known conversion for argument 1 from ‘const std::function<caspar::safe_ptr<caspar::core::frame_producer>(const caspar::safe_ptr<caspar::core::frame_factory>&, const caspar::core::parameters&)>’ to ‘caspar::core::producer_factory_t& {aka std::function<caspar::safe_ptr<caspar::core::frame_producer>(const caspar::safe_ptr<caspar::core::frame_factory>&, const caspar::core::parameters&)>&}’
In file included from /usr/include/c++/4.7/algorithm:63:0,
                 from ../StdAfx.h:32,
                 from frame_producer.cpp:22:
/usr/include/c++/4.7/bits/stl_algo.h:220:4: error: no match for call to ‘(caspar::core::do_create_producer(const caspar::safe_ptr<caspar::core::frame_factory>&, const caspar::core::parameters&, const std::vector<const std::function<caspar::safe_ptr<caspar::core::frame_producer>(const caspar::safe_ptr<caspar::core::frame_factory>&, const caspar::core::parameters&)> >&, bool)::<lambda(caspar::core::producer_factory_t&)>) (const std::function<caspar::safe_ptr<caspar::core::frame_producer>(const caspar::safe_ptr<caspar::core::frame_factory>&, const caspar::core::parameters&)>&)’
frame_producer.cpp:285:52: note: candidate is:
frame_producer.cpp:285:86: note: caspar::core::do_create_producer(const caspar::safe_ptr<caspar::core::frame_factory>&, const caspar::core::parameters&, const std::vector<const std::function<caspar::safe_ptr<caspar::core::frame_producer>(const caspar::safe_ptr<caspar::core::frame_factory>&, const caspar::core::parameters&)> >&, bool)::<lambda(caspar::core::producer_factory_t&)>
frame_producer.cpp:285:86: note:   no known conversion for argument 1 from ‘const std::function<caspar::safe_ptr<caspar::core::frame_producer>(const caspar::safe_ptr<caspar::core::frame_factory>&, const caspar::core::parameters&)>’ to ‘caspar::core::producer_factory_t& {aka std::function<caspar::safe_ptr<caspar::core::frame_producer>(const caspar::safe_ptr<caspar::core::frame_factory>&, const caspar::core::parameters&)>&}’
In file included from /usr/include/c++/4.7/algorithm:63:0,
                 from ../StdAfx.h:32,
                 from frame_producer.cpp:22:
/usr/include/c++/4.7/bits/stl_algo.h:224:4: error: no match for call to ‘(caspar::core::do_create_producer(const caspar::safe_ptr<caspar::core::frame_factory>&, const caspar::core::parameters&, const std::vector<const std::function<caspar::safe_ptr<caspar::core::frame_producer>(const caspar::safe_ptr<caspar::core::frame_factory>&, const caspar::core::parameters&)> >&, bool)::<lambda(caspar::core::producer_factory_t&)>) (const std::function<caspar::safe_ptr<caspar::core::frame_producer>(const caspar::safe_ptr<caspar::core::frame_factory>&, const caspar::core::parameters&)>&)’
frame_producer.cpp:285:52: note: candidate is:
frame_producer.cpp:285:86: note: caspar::core::do_create_producer(const caspar::safe_ptr<caspar::core::frame_factory>&, const caspar::core::parameters&, const std::vector<const std::function<caspar::safe_ptr<caspar::core::frame_producer>(const caspar::safe_ptr<caspar::core::frame_factory>&, const caspar::core::parameters&)> >&, bool)::<lambda(caspar::core::producer_factory_t&)>
frame_producer.cpp:285:86: note:   no known conversion for argument 1 from ‘const std::function<caspar::safe_ptr<caspar::core::frame_producer>(const caspar::safe_ptr<caspar::core::frame_factory>&, const caspar::core::parameters&)>’ to ‘caspar::core::producer_factory_t& {aka std::function<caspar::safe_ptr<caspar::core::frame_producer>(const caspar::safe_ptr<caspar::core::frame_factory>&, const caspar::core::parameters&)>&}’
In file included from /usr/include/c++/4.7/algorithm:63:0,
                 from ../StdAfx.h:32,
                 from frame_producer.cpp:22:
/usr/include/c++/4.7/bits/stl_algo.h:228:4: error: no match for call to ‘(caspar::core::do_create_producer(const caspar::safe_ptr<caspar::core::frame_factory>&, const caspar::core::parameters&, const std::vector<const std::function<caspar::safe_ptr<caspar::core::frame_producer>(const caspar::safe_ptr<caspar::core::frame_factory>&, const caspar::core::parameters&)> >&, bool)::<lambda(caspar::core::producer_factory_t&)>) (const std::function<caspar::safe_ptr<caspar::core::frame_producer>(const caspar::safe_ptr<caspar::core::frame_factory>&, const caspar::core::parameters&)>&)’
frame_producer.cpp:285:52: note: candidate is:
frame_producer.cpp:285:86: note: caspar::core::do_create_producer(const caspar::safe_ptr<caspar::core::frame_factory>&, const caspar::core::parameters&, const std::vector<const std::function<caspar::safe_ptr<caspar::core::frame_producer>(const caspar::safe_ptr<caspar::core::frame_factory>&, const caspar::core::parameters&)> >&, bool)::<lambda(caspar::core::producer_factory_t&)>
frame_producer.cpp:285:86: note:   no known conversion for argument 1 from ‘const std::function<caspar::safe_ptr<caspar::core::frame_producer>(const caspar::safe_ptr<caspar::core::frame_factory>&, const caspar::core::parameters&)>’ to ‘caspar::core::producer_factory_t& {aka std::function<caspar::safe_ptr<caspar::core::frame_producer>(const caspar::safe_ptr<caspar::core::frame_factory>&, const caspar::core::parameters&)>&}’
In file included from /usr/include/c++/4.7/algorithm:63:0,
                 from ../StdAfx.h:32,
                 from frame_producer.cpp:22:
/usr/include/c++/4.7/bits/stl_algo.h:236:4: error: no match for call to ‘(caspar::core::do_create_producer(const caspar::safe_ptr<caspar::core::frame_factory>&, const caspar::core::parameters&, const std::vector<const std::function<caspar::safe_ptr<caspar::core::frame_producer>(const caspar::safe_ptr<caspar::core::frame_factory>&, const caspar::core::parameters&)> >&, bool)::<lambda(caspar::core::producer_factory_t&)>) (const std::function<caspar::safe_ptr<caspar::core::frame_producer>(const caspar::safe_ptr<caspar::core::frame_factory>&, const caspar::core::parameters&)>&)’
frame_producer.cpp:285:52: note: candidate is:
frame_producer.cpp:285:86: note: caspar::core::do_create_producer(const caspar::safe_ptr<caspar::core::frame_factory>&, const caspar::core::parameters&, const std::vector<const std::function<caspar::safe_ptr<caspar::core::frame_producer>(const caspar::safe_ptr<caspar::core::frame_factory>&, const caspar::core::parameters&)> >&, bool)::<lambda(caspar::core::producer_factory_t&)>
frame_producer.cpp:285:86: note:   no known conversion for argument 1 from ‘const std::function<caspar::safe_ptr<caspar::core::frame_producer>(const caspar::safe_ptr<caspar::core::frame_factory>&, const caspar::core::parameters&)>’ to ‘caspar::core::producer_factory_t& {aka std::function<caspar::safe_ptr<caspar::core::frame_producer>(const caspar::safe_ptr<caspar::core::frame_factory>&, const caspar::core::parameters&)>&}’
In file included from /usr/include/c++/4.7/algorithm:63:0,
                 from ../StdAfx.h:32,
                 from frame_producer.cpp:22:
/usr/include/c++/4.7/bits/stl_algo.h:240:4: error: no match for call to ‘(caspar::core::do_create_producer(const caspar::safe_ptr<caspar::core::frame_factory>&, const caspar::core::parameters&, const std::vector<const std::function<caspar::safe_ptr<caspar::core::frame_producer>(const caspar::safe_ptr<caspar::core::frame_factory>&, const caspar::core::parameters&)> >&, bool)::<lambda(caspar::core::producer_factory_t&)>) (const std::function<caspar::safe_ptr<caspar::core::frame_producer>(const caspar::safe_ptr<caspar::core::frame_factory>&, const caspar::core::parameters&)>&)’
frame_producer.cpp:285:52: note: candidate is:
frame_producer.cpp:285:86: note: caspar::core::do_create_producer(const caspar::safe_ptr<caspar::core::frame_factory>&, const caspar::core::parameters&, const std::vector<const std::function<caspar::safe_ptr<caspar::core::frame_producer>(const caspar::safe_ptr<caspar::core::frame_factory>&, const caspar::core::parameters&)> >&, bool)::<lambda(caspar::core::producer_factory_t&)>
frame_producer.cpp:285:86: note:   no known conversion for argument 1 from ‘const std::function<caspar::safe_ptr<caspar::core::frame_producer>(const caspar::safe_ptr<caspar::core::frame_factory>&, const caspar::core::parameters&)>’ to ‘caspar::core::producer_factory_t& {aka std::function<caspar::safe_ptr<caspar::core::frame_producer>(const caspar::safe_ptr<caspar::core::frame_factory>&, const caspar::core::parameters&)>&}’
In file included from /usr/include/c++/4.7/algorithm:63:0,
                 from ../StdAfx.h:32,
                 from frame_producer.cpp:22:
/usr/include/c++/4.7/bits/stl_algo.h:244:4: error: no match for call to ‘(caspar::core::do_create_producer(const caspar::safe_ptr<caspar::core::frame_factory>&, const caspar::core::parameters&, const std::vector<const std::function<caspar::safe_ptr<caspar::core::frame_producer>(const caspar::safe_ptr<caspar::core::frame_factory>&, const caspar::core::parameters&)> >&, bool)::<lambda(caspar::core::producer_factory_t&)>) (const std::function<caspar::safe_ptr<caspar::core::frame_producer>(const caspar::safe_ptr<caspar::core::frame_factory>&, const caspar::core::parameters&)>&)’
frame_producer.cpp:285:52: note: candidate is:
frame_producer.cpp:285:86: note: caspar::core::do_create_producer(const caspar::safe_ptr<caspar::core::frame_factory>&, const caspar::core::parameters&, const std::vector<const std::function<caspar::safe_ptr<caspar::core::frame_producer>(const caspar::safe_ptr<caspar::core::frame_factory>&, const caspar::core::parameters&)> >&, bool)::<lambda(caspar::core::producer_factory_t&)>
frame_producer.cpp:285:86: note:   no known conversion for argument 1 from ‘const std::function<caspar::safe_ptr<caspar::core::frame_producer>(const caspar::safe_ptr<caspar::core::frame_factory>&, const caspar::core::parameters&)>’ to ‘caspar::core::producer_factory_t& {aka std::function<caspar::safe_ptr<caspar::core::frame_producer>(const caspar::safe_ptr<caspar::core::frame_factory>&, const caspar::core::parameters&)>&}’
frame_producer.cpp:378:1: warning: control reaches end of non-void function [-Wreturn-type]
frame_producer.cpp: In function ‘caspar::safe_ptr<caspar::core::frame_producer> caspar::core::create_producer(const caspar::safe_ptr<caspar::core::frame_factory>&, const caspar::core::parameters&)’:
frame_producer.cpp:347:1: warning: control reaches end of non-void function [-Wreturn-type]
In file included from /home/sysnova/workspace/casparLinux/dependencies/boost/boost/filesystem/path_traits.hpp:23:0,
                 from /home/sysnova/workspace/casparLinux/dependencies/boost/boost/filesystem/path.hpp:25,
                 from /home/sysnova/workspace/casparLinux/dependencies/boost/boost/filesystem.hpp:16,
                 from ../StdAfx.h:49,
                 from frame_producer.cpp:22:
/home/sysnova/workspace/casparLinux/dependencies/boost/boost/system/error_code.hpp: At global scope:
/home/sysnova/workspace/casparLinux/dependencies/boost/boost/system/error_code.hpp:221:36: warning: ‘boost::system::posix_category’ defined but not used [-Wunused-variable]
/home/sysnova/workspace/casparLinux/dependencies/boost/boost/system/error_code.hpp:222:36: warning: ‘boost::system::errno_ecat’ defined but not used [-Wunused-variable]
/home/sysnova/workspace/casparLinux/dependencies/boost/boost/system/error_code.hpp:223:36: warning: ‘boost::system::native_ecat’ defined but not used [-Wunused-variable]
make: *** [frame_producer.o] Error 1
